E:\DOCUMENTS\PROGRAMFILES\QTPROGRAMS\SCADA_V4\SCADA_V4\DEBUG\SYSCONFIG.OBJ
E:\DOCUMENTS\PROGRAMFILES\QTPROGRAMS\SCADA_V4\SCADA_V4\DEBUG\SCADA.OBJ
E:\DOCUMENTS\PROGRAMFILES\QTPROGRAMS\SCADA_V4\SCADA_V4\DEBUG\MAIN.OBJ
E:\DOCUMENTS\PROGRAMFILES\QTPROGRAMS\SCADA_V4\SCADA_V4\DEBUG\MOC_SYSCONFIG.OBJ
E:\DOCUMENTS\PROGRAMFILES\QTPROGRAMS\SCADA_V4\SCADA_V4\DEBUG\MOC_SCADA.OBJ
E:\DOCUMENTS\PROGRAMFILES\QTPROGRAMS\SCADA_V4\SCADA_V4\DEBUG\MOC_DATAMANAGER.OBJ
E:\DOCUMENTS\PROGRAMFILES\QTPROGRAMS\SCADA_V4\SCADA_V4\DEBUG\MOC_CONNECTDB.OBJ
E:\DOCUMENTS\PROGRAMFILES\QTPROGRAMS\SCADA_V4\SCADA_V4\DEBUG\DATAMANAGER.OBJ
E:\DOCUMENTS\PROGRAMFILES\QTPROGRAMS\SCADA_V4\SCADA_V4\DEBUG\CONNECTDB.OBJ
E:\DOCUMENTS\PROGRAMFILES\QTPROGRAMS\SCADA_V4\SCADA_V4\DEBUG\VC110.PDB
E:\DOCUMENTS\PROGRAMFILES\QTPROGRAMS\SCADA_V4\SCADA_V4\DEBUG\QRC_SCADA.OBJ
E:\DOCUMENTS\PROGRAMFILES\QTPROGRAMS\SCADA_V4\SCADA_V4\GENERATEDFILES\DEBUG\MOC_SCADA.CPP
E:\DOCUMENTS\PROGRAMFILES\QTPROGRAMS\SCADA_V4\SCADA_V4\GENERATEDFILES\DEBUG\MOC_CONNECTDB.CPP
E:\DOCUMENTS\PROGRAMFILES\QTPROGRAMS\SCADA_V4\SCADA_V4\GENERATEDFILES\DEBUG\MOC_DATAMANAGER.CPP
E:\DOCUMENTS\PROGRAMFILES\QTPROGRAMS\SCADA_V4\SCADA_V4\GENERATEDFILES\DEBUG\MOC_SYSCONFIG.CPP
E:\DOCUMENTS\PROGRAMFILES\QTPROGRAMS\SCADA_V4\SCADA_V4\GENERATEDFILES\QRC_SCADA.CPP
E:\DOCUMENTS\PROGRAMFILES\QTPROGRAMS\SCADA_V4\SCADA_V4\GENERATEDFILES\UI_SYSCONFIG.H
E:\DOCUMENTS\PROGRAMFILES\QTPROGRAMS\SCADA_V4\SCADA_V4\GENERATEDFILES\UI_DATAMANAGER.H
E:\Documents\ProgramFiles\qtPrograms\Scada_v4\Scada_v4\Debug\connectdb.obj
E:\Documents\ProgramFiles\qtPrograms\Scada_v4\Scada_v4\Debug\datamanager.obj
E:\Documents\ProgramFiles\qtPrograms\Scada_v4\Scada_v4\Debug\main.obj
E:\Documents\ProgramFiles\qtPrograms\Scada_v4\Scada_v4\Debug\moc_connectdb.obj
E:\Documents\ProgramFiles\qtPrograms\Scada_v4\Scada_v4\Debug\moc_datamanager.obj
E:\Documents\ProgramFiles\qtPrograms\Scada_v4\Scada_v4\Debug\moc_scada.obj
E:\Documents\ProgramFiles\qtPrograms\Scada_v4\Scada_v4\Debug\moc_sysconfig.obj
E:\Documents\ProgramFiles\qtPrograms\Scada_v4\Scada_v4\Debug\qrc_scada.obj
E:\Documents\ProgramFiles\qtPrograms\Scada_v4\Scada_v4\Debug\scada.obj
E:\Documents\ProgramFiles\qtPrograms\Scada_v4\Scada_v4\Debug\sysconfig.obj
E:\Documents\ProgramFiles\qtPrograms\Scada_v4\Scada_v4\Debug\cl.command.1.tlog
E:\Documents\ProgramFiles\qtPrograms\Scada_v4\Scada_v4\Debug\CL.read.1.tlog
E:\Documents\ProgramFiles\qtPrograms\Scada_v4\Scada_v4\Debug\CL.write.1.tlog
E:\Documents\ProgramFiles\qtPrograms\Scada_v4\Scada_v4\Debug\custombuild.command.1.tlog
E:\Documents\ProgramFiles\qtPrograms\Scada_v4\Scada_v4\Debug\custombuild.read.1.tlog
E:\Documents\ProgramFiles\qtPrograms\Scada_v4\Scada_v4\Debug\custombuild.write.1.tlog
E:\Documents\ProgramFiles\qtPrograms\Scada_v4\Scada_v4\Debug\link-cvtres.read.1.tlog
E:\Documents\ProgramFiles\qtPrograms\Scada_v4\Scada_v4\Debug\link-cvtres.write.1.tlog
E:\Documents\ProgramFiles\qtPrograms\Scada_v4\Scada_v4\Debug\link-rc.read.1.tlog
E:\Documents\ProgramFiles\qtPrograms\Scada_v4\Scada_v4\Debug\link-rc.write.1.tlog
E:\Documents\ProgramFiles\qtPrograms\Scada_v4\Scada_v4\Debug\link.52020-cvtres.read.1.tlog
E:\Documents\ProgramFiles\qtPrograms\Scada_v4\Scada_v4\Debug\link.52020-cvtres.write.1.tlog
E:\Documents\ProgramFiles\qtPrograms\Scada_v4\Scada_v4\Debug\link.52020-rc.read.1.tlog
E:\Documents\ProgramFiles\qtPrograms\Scada_v4\Scada_v4\Debug\link.52020-rc.write.1.tlog
E:\Documents\ProgramFiles\qtPrograms\Scada_v4\Scada_v4\Debug\link.52020.read.1.tlog
E:\Documents\ProgramFiles\qtPrograms\Scada_v4\Scada_v4\Debug\link.52020.write.1.tlog
E:\Documents\ProgramFiles\qtPrograms\Scada_v4\Scada_v4\Debug\link.53352-cvtres.read.1.tlog
E:\Documents\ProgramFiles\qtPrograms\Scada_v4\Scada_v4\Debug\link.53352-cvtres.write.1.tlog
E:\Documents\ProgramFiles\qtPrograms\Scada_v4\Scada_v4\Debug\link.53352-rc.read.1.tlog
E:\Documents\ProgramFiles\qtPrograms\Scada_v4\Scada_v4\Debug\link.53352-rc.write.1.tlog
E:\Documents\ProgramFiles\qtPrograms\Scada_v4\Scada_v4\Debug\link.53352.read.1.tlog
E:\Documents\ProgramFiles\qtPrograms\Scada_v4\Scada_v4\Debug\link.53352.write.1.tlog
E:\Documents\ProgramFiles\qtPrograms\Scada_v4\Scada_v4\Debug\link.command.1.tlog
E:\Documents\ProgramFiles\qtPrograms\Scada_v4\Scada_v4\Debug\link.read.1.tlog
E:\Documents\ProgramFiles\qtPrograms\Scada_v4\Scada_v4\Debug\link.write.1.tlog
E:\Documents\ProgramFiles\qtPrograms\Scada_v4\Scada_v4\Debug\vc110.pdb
E:\Documents\ProgramFiles\qtPrograms\Scada_v4\Win32\Debug\Scada_v4.pdb
E:\Documents\ProgramFiles\qtPrograms\Scada_v4\Win32\Debug\Scada_v4.ilk
