Build started 5/27/2015 10:11:50 AM.
     1>Project "D:\Scada_v5\MonitorSystem\MonitorSystem.vcxproj" on node 2 (Build target(s)).
     1>ClCompile:
         C:\Program Files\Microsoft Visual Studio 11.0\VC\bin\CL.exe /c /ID:\Scada_v5\MonitorSystem\GeneratedFiles /IC:\Qt\Qt5.3.2\5.3\msvc2012_opengl\include\QtSql /IC:\Qt\Qt5.3.2\5.3\msvc2012_opengl\include\QtWidgets /IC:\Qt\Qt5.3.2\5.3\msvc2012_opengl\include\QtCore /IC:\Qt\Qt5.3.2\5.3\msvc2012_opengl\include\QtGui /IC:\Qt\Qt5.3.2\5.3\msvc2012_opengl\bin /IC:\Qt\Qt5.3.2\5.3\msvc2012_opengl\include /ID:\Scada_v5\Scada\Distance /ID:\Scada_v5\Scada\CanOpen /ID:\Scada_v5\Scada\src /ID:\Scada_v5\Scada /nologo /W1 /WX- /O2 /Oy- /D UNICODE /D WIN32 /D WIN64 /D QT_DLL /D QT_NO_DEBUG /D NDEBUG /D QT_CORE_LIB /D QT_GUI_LIB /D QT_SQL_LIB /D QT_WIDGETS_LIB /Gm- /EHsc /MD /GS /fp:precise /Zc:wchar_t /Zc:forScope /Fo"Release\\" /Fd"Release\vc110.pdb" /Gd /TP /analyze- /errorReport:prompt ..\Scada\CanOpen\canopenprotocol.cpp monitorsystem.cpp
         canopenprotocol.cpp
     1>d:\scada_v5\scada\canopen\canopenprotocol.h(5): warning C4103: 'd:\scada_v5\scada\canopen\canopenprotocol.h' : alignment changed after including header, may be due to missing #pragma pack(pop)
     1>..\Scada\CanOpen\canopenprotocol.cpp(1): warning C4103: 'd:\scada_v5\scada\canopen\canopenprotocol.cpp' : alignment changed after including header, may be due to missing #pragma pack(pop)
         monitorsystem.cpp
     1>D:\Scada_v5\Scada\CanOpen\canopenprotocol.h(5): warning C4103: 'd:\scada_v5\scada\canopen\canopenprotocol.h' : alignment changed after including header, may be due to missing #pragma pack(pop)
     1>d:\scada_v5\monitorsystem\monitorsystem.h(9): warning C4103: 'd:\scada_v5\monitorsystem\monitorsystem.h' : alignment changed after including header, may be due to missing #pragma pack(pop)
     1>monitorsystem.cpp(1): warning C4103: 'd:\scada_v5\monitorsystem\monitorsystem.cpp' : alignment changed after including header, may be due to missing #pragma pack(pop)
         Generating Code...
       Link:
         C:\Program Files\Microsoft Visual Studio 11.0\VC\bin\link.exe /ERRORREPORT:PROMPT /OUT:"D:\Scada_v5\Win32\Release\\MonitorSystem.exe" /NOLOGO /LIBPATH:E:\Documents\ProgramFiles\qtPrograms\Scada\scada\Scada\CanOpen\IEICAN02LIB /LIBPATH:D:\Scada_v5\Scada\CanOpen\IEICAN02LIB /LIBPATH:D:\che\Scada_v5\Scada\CanOpen\IEICAN02LIB /LIBPATH:E:\Documents\ProgramFiles\qtPrograms\Scada_v5\Scada\CanOpen\IEICAN02LIB /LIBPATH:C:\Qt\Qt5.3.2\5.3\msvc2012_opengl\lib qtmain.lib Qt5Core.lib Qt5Gui.lib Qt5Sql.lib Qt5Widgets.lib Qt5SerialPort.lib IEICAN02.lib kernel32.lib user32.lib gdi32.lib winspool.lib comdlg32.lib advapi32.lib shell32.lib ole32.lib oleaut32.lib uuid.lib odbc32.lib odbccp32.lib /MANIFEST /MANIFESTUAC:"level='asInvoker' uiAccess='false'" /manifest:embed /PDB:"D:\Scada_v5\Win32\Release\MonitorSystem.pdb" /SUBSYSTEM:WINDOWS /TLBID:1 /DYNAMICBASE /NXCOMPAT /IMPLIB:"D:\Scada_v5\Win32\Release\MonitorSystem.lib" /MACHINE:X86 /SAFESEH Release\CanNode.obj
         Release\canopenprotocol.obj
         Release\channel.obj
         Release\connectdb.obj
         Release\dataoperate.obj
         Release\distance.obj
         Release\Leastsquare.obj
         Release\settingsdialog.obj
         Release\SettingFiles.obj
         Release\basepage.obj
         Release\configure.obj
         Release\enginemeter.obj
         Release\fuelmeter.obj
         Release\indicatorlamp.obj
         Release\InfoMsg.obj
         Release\qbasemeter.obj
         Release\qmeter.obj
         Release\thermometer.obj
         Release\qrc_monitorsystem.obj
         Release\moc_basepage.obj
         Release\moc_canopenprotocol.obj
         Release\moc_configure.obj
         Release\moc_distance.obj
         Release\moc_enginemeter.obj
         Release\moc_fuelmeter.obj
         Release\moc_indicatorlamp.obj
         Release\moc_monitorsystem.obj
         Release\moc_qbasemeter.obj
         Release\moc_qexcel.obj
         Release\moc_qmeter.obj
         Release\moc_settingsdialog.obj
         Release\moc_thermometer.obj
         Release\main.obj
         Release\monitorsystem.obj
         Release\qexcel.obj
         MonitorSystem.vcxproj -> D:\Scada_v5\Win32\Release\MonitorSystem.exe
     1>Done Building Project "D:\Scada_v5\MonitorSystem\MonitorSystem.vcxproj" (Build target(s)).

Build succeeded.

Time Elapsed 00:00:05.28
