D:\SCADA_V5\MONITORSYSTEM\RELEASE\MOC_CANOPENPROTOCOL.OBJ
D:\SCADA_V5\MONITORSYSTEM\RELEASE\MOC_BASEPAGE.OBJ
D:\SCADA_V5\MONITORSYSTEM\RELEASE\THERMOMETER.OBJ
D:\SCADA_V5\MONITORSYSTEM\RELEASE\QMETER.OBJ
D:\SCADA_V5\MONITORSYSTEM\RELEASE\QBASEMETER.OBJ
D:\SCADA_V5\MONITORSYSTEM\RELEASE\INFOMSG.OBJ
D:\SCADA_V5\MONITORSYSTEM\RELEASE\INDICATORLAMP.OBJ
D:\SCADA_V5\MONITORSYSTEM\RELEASE\FUELMETER.OBJ
D:\SCADA_V5\MONITORSYSTEM\RELEASE\ENGINEMETER.OBJ
D:\SCADA_V5\MONITORSYSTEM\RELEASE\CONFIGURE.OBJ
D:\SCADA_V5\MONITORSYSTEM\RELEASE\BASEPAGE.OBJ
D:\SCADA_V5\MONITORSYSTEM\RELEASE\SETTINGFILES.OBJ
D:\SCADA_V5\MONITORSYSTEM\RELEASE\LEASTSQUARE.OBJ
D:\SCADA_V5\MONITORSYSTEM\RELEASE\DISTANCE.OBJ
D:\SCADA_V5\MONITORSYSTEM\RELEASE\DATAOPERATE.OBJ
D:\SCADA_V5\MONITORSYSTEM\RELEASE\CONNECTDB.OBJ
D:\SCADA_V5\MONITORSYSTEM\RELEASE\CHANNEL.OBJ
D:\SCADA_V5\MONITORSYSTEM\RELEASE\CANOPENPROTOCOL.OBJ
D:\SCADA_V5\MONITORSYSTEM\RELEASE\CANNODE.OBJ
D:\SCADA_V5\MONITORSYSTEM\RELEASE\QEXCEL.OBJ
D:\SCADA_V5\MONITORSYSTEM\RELEASE\MOC_THERMOMETER.OBJ
D:\SCADA_V5\MONITORSYSTEM\RELEASE\MOC_SETTINGSDIALOG.OBJ
D:\SCADA_V5\MONITORSYSTEM\RELEASE\MOC_QMETER.OBJ
D:\SCADA_V5\MONITORSYSTEM\RELEASE\MOC_QEXCEL.OBJ
D:\SCADA_V5\MONITORSYSTEM\RELEASE\MOC_QBASEMETER.OBJ
D:\SCADA_V5\MONITORSYSTEM\RELEASE\MOC_INDICATORLAMP.OBJ
D:\SCADA_V5\MONITORSYSTEM\RELEASE\MOC_FUELMETER.OBJ
D:\SCADA_V5\MONITORSYSTEM\RELEASE\MOC_ENGINEMETER.OBJ
D:\SCADA_V5\MONITORSYSTEM\RELEASE\MOC_DISTANCE.OBJ
D:\SCADA_V5\MONITORSYSTEM\RELEASE\MOC_CONFIGURE.OBJ
D:\SCADA_V5\MONITORSYSTEM\GENERATEDFILES\RELEASE\MOC_MONITORSYSTEM.CPP
D:\SCADA_V5\MONITORSYSTEM\GENERATEDFILES\UI_MONITORSYSTEM.H
D:\SCADA_V5\MONITORSYSTEM\GENERATEDFILES\RELEASE\MOC_QEXCEL.CPP
D:\SCADA_V5\MONITORSYSTEM\GENERATEDFILES\RELEASE\MOC_THERMOMETER.CPP
D:\SCADA_V5\MONITORSYSTEM\GENERATEDFILES\RELEASE\MOC_QMETER.CPP
D:\SCADA_V5\MONITORSYSTEM\GENERATEDFILES\RELEASE\MOC_QBASEMETER.CPP
D:\SCADA_V5\MONITORSYSTEM\GENERATEDFILES\RELEASE\MOC_INDICATORLAMP.CPP
D:\SCADA_V5\MONITORSYSTEM\GENERATEDFILES\RELEASE\MOC_FUELMETER.CPP
D:\SCADA_V5\MONITORSYSTEM\GENERATEDFILES\RELEASE\MOC_ENGINEMETER.CPP
D:\SCADA_V5\MONITORSYSTEM\GENERATEDFILES\RELEASE\MOC_CONFIGURE.CPP
D:\SCADA_V5\MONITORSYSTEM\GENERATEDFILES\RELEASE\MOC_BASEPAGE.CPP
D:\SCADA_V5\MONITORSYSTEM\GENERATEDFILES\RELEASE\MOC_CANOPENPROTOCOL.CPP
D:\SCADA_V5\MONITORSYSTEM\GENERATEDFILES\RELEASE\MOC_DISTANCE.CPP
D:\SCADA_V5\MONITORSYSTEM\GENERATEDFILES\RELEASE\MOC_SETTINGSDIALOG.CPP
D:\SCADA_V5\MONITORSYSTEM\GENERATEDFILES\QRC_MONITORSYSTEM.CPP
D:\SCADA_V5\MONITORSYSTEM\GENERATEDFILES\UI_SETTINGSDIALOG.H
D:\Scada_v5\MonitorSystem\Release\basepage.obj
D:\Scada_v5\MonitorSystem\Release\CanNode.obj
D:\Scada_v5\MonitorSystem\Release\canopenprotocol.obj
D:\Scada_v5\MonitorSystem\Release\channel.obj
D:\Scada_v5\MonitorSystem\Release\configure.obj
D:\Scada_v5\MonitorSystem\Release\connectdb.obj
D:\Scada_v5\MonitorSystem\Release\dataoperate.obj
D:\Scada_v5\MonitorSystem\Release\distance.obj
D:\Scada_v5\MonitorSystem\Release\enginemeter.obj
D:\Scada_v5\MonitorSystem\Release\fuelmeter.obj
D:\Scada_v5\MonitorSystem\Release\indicatorlamp.obj
D:\Scada_v5\MonitorSystem\Release\InfoMsg.obj
D:\Scada_v5\MonitorSystem\Release\Leastsquare.obj
D:\Scada_v5\MonitorSystem\Release\moc_basepage.obj
D:\Scada_v5\MonitorSystem\Release\moc_canopenprotocol.obj
D:\Scada_v5\MonitorSystem\Release\moc_configure.obj
D:\Scada_v5\MonitorSystem\Release\moc_distance.obj
D:\Scada_v5\MonitorSystem\Release\moc_enginemeter.obj
D:\Scada_v5\MonitorSystem\Release\moc_fuelmeter.obj
D:\Scada_v5\MonitorSystem\Release\moc_indicatorlamp.obj
D:\Scada_v5\MonitorSystem\Release\moc_qbasemeter.obj
D:\Scada_v5\MonitorSystem\Release\moc_qexcel.obj
D:\Scada_v5\MonitorSystem\Release\moc_qmeter.obj
D:\Scada_v5\MonitorSystem\Release\moc_settingsdialog.obj
D:\Scada_v5\MonitorSystem\Release\moc_thermometer.obj
D:\Scada_v5\MonitorSystem\Release\qbasemeter.obj
D:\Scada_v5\MonitorSystem\Release\qexcel.obj
D:\Scada_v5\MonitorSystem\Release\qmeter.obj
D:\Scada_v5\MonitorSystem\Release\SettingFiles.obj
D:\Scada_v5\MonitorSystem\Release\thermometer.obj
D:\Scada_v5\MonitorSystem\Release\cl.command.1.tlog
D:\Scada_v5\MonitorSystem\Release\CL.read.1.tlog
D:\Scada_v5\MonitorSystem\Release\CL.write.1.tlog
D:\Scada_v5\MonitorSystem\Release\custombuild.command.1.tlog
D:\Scada_v5\MonitorSystem\Release\custombuild.read.1.tlog
D:\Scada_v5\MonitorSystem\Release\custombuild.write.1.tlog
