D:\SCADA_V5\SCADA\RELEASE\MOC_DATAMANAGER.OBJ
D:\SCADA_V5\SCADA\RELEASE\MOC_CONSOLE.OBJ
D:\SCADA_V5\SCADA\RELEASE\MOC_CONFIGURE.OBJ
D:\SCADA_V5\SCADA\RELEASE\MOC_CANOPENTESTDLG.OBJ
D:\SCADA_V5\SCADA\RELEASE\MOC_CANOPENPROTOCOL.OBJ
D:\SCADA_V5\SCADA\RELEASE\MOC_BASEPAGE.OBJ
D:\SCADA_V5\SCADA\RELEASE\MOC_ADDSCALEDATA.OBJ
D:\SCADA_V5\SCADA\RELEASE\SETTINGSDIALOG.OBJ
D:\SCADA_V5\SCADA\RELEASE\SERIALDIALOG.OBJ
D:\SCADA_V5\SCADA\RELEASE\LEASTSQUARE.OBJ
D:\SCADA_V5\SCADA\RELEASE\DISTANCE.OBJ
D:\SCADA_V5\SCADA\RELEASE\DATAOPERATE.OBJ
D:\SCADA_V5\SCADA\RELEASE\CONSOLE.OBJ
D:\SCADA_V5\SCADA\RELEASE\DATAMANAGER.OBJ
D:\SCADA_V5\SCADA\RELEASE\CONNECTDB.OBJ
D:\SCADA_V5\SCADA\RELEASE\CHANNEL.OBJ
D:\SCADA_V5\SCADA\RELEASE\CANOPENTESTDLG.OBJ
D:\SCADA_V5\SCADA\RELEASE\CANOPENPROTOCOL.OBJ
D:\SCADA_V5\SCADA\RELEASE\CANNODE.OBJ
D:\SCADA_V5\SCADA\RELEASE\ADDSCALEDATA.OBJ
D:\SCADA_V5\SCADA\RELEASE\MAIN.OBJ
D:\SCADA_V5\SCADA\RELEASE\INDICATORCONFIGDLG.OBJ
D:\SCADA_V5\SCADA\RELEASE\MOC_THERMOMETERCONFIG.OBJ
D:\SCADA_V5\SCADA\RELEASE\MOC_THERMOMETER.OBJ
D:\SCADA_V5\SCADA\RELEASE\MOC_SYSCONFIG.OBJ
D:\SCADA_V5\SCADA\RELEASE\MOC_STACKEDPAGE.OBJ
D:\SCADA_V5\SCADA\RELEASE\MOC_SETTINGSDIALOG.OBJ
D:\SCADA_V5\SCADA\RELEASE\MOC_SERIALDIALOG.OBJ
D:\SCADA_V5\SCADA\RELEASE\MOC_SCADA.OBJ
D:\SCADA_V5\SCADA\RELEASE\MOC_QSCALESETTING.OBJ
D:\SCADA_V5\SCADA\RELEASE\MOC_QMETER.OBJ
D:\SCADA_V5\SCADA\RELEASE\MOC_QBASEMETER.OBJ
D:\SCADA_V5\SCADA\RELEASE\MOC_PAGECONFIGDLG.OBJ
D:\SCADA_V5\SCADA\RELEASE\MOC_PAGECONFIG.OBJ
D:\SCADA_V5\SCADA\RELEASE\MOC_METERCONFIGDLG.OBJ
D:\SCADA_V5\SCADA\RELEASE\MOC_INDICATORLAMP.OBJ
D:\SCADA_V5\SCADA\RELEASE\MOC_INDICATORCONFIGDLG.OBJ
D:\SCADA_V5\SCADA\RELEASE\MOC_FUELMETER.OBJ
D:\SCADA_V5\SCADA\RELEASE\MOC_ENGINEMETER.OBJ
D:\SCADA_V5\SCADA\RELEASE\MOC_DISTANCE.OBJ
D:\SCADA_V5\SCADA\RELEASE\SYSCONFIG.OBJ
D:\SCADA_V5\SCADA\RELEASE\STACKEDPAGE.OBJ
D:\SCADA_V5\SCADA\RELEASE\THERMOMETERCONFIG.OBJ
D:\SCADA_V5\SCADA\RELEASE\THERMOMETER.OBJ
D:\SCADA_V5\SCADA\RELEASE\QMETER.OBJ
D:\SCADA_V5\SCADA\RELEASE\QBASEMETER.OBJ
D:\SCADA_V5\SCADA\RELEASE\INFOMSG.OBJ
D:\SCADA_V5\SCADA\RELEASE\INDICATORLAMP.OBJ
D:\SCADA_V5\SCADA\RELEASE\FUELMETER.OBJ
D:\SCADA_V5\SCADA\RELEASE\ENGINEMETER.OBJ
D:\SCADA_V5\SCADA\RELEASE\CONFIGURE.OBJ
D:\SCADA_V5\SCADA\RELEASE\BASEPAGE.OBJ
D:\SCADA_V5\SCADA\RELEASE\SETTINGFILES.OBJ
D:\SCADA_V5\SCADA\RELEASE\SCADA.OBJ
D:\SCADA_V5\SCADA\RELEASE\QSCALESETTING.OBJ
D:\SCADA_V5\SCADA\RELEASE\PAGECONFIGDLG.OBJ
D:\SCADA_V5\SCADA\RELEASE\PAGECONFIG.OBJ
D:\SCADA_V5\SCADA\RELEASE\METERCONFIGDLG.OBJ
D:\SCADA_V5\SCADA\RELEASE\QRC_SCADA.OBJ
D:\SCADA_V5\SCADA\GENERATEDFILES\RELEASE\MOC_SCADA.CPP
D:\SCADA_V5\SCADA\GENERATEDFILES\UI_DATAMANAGER.H
D:\SCADA_V5\SCADA\GENERATEDFILES\RELEASE\MOC_STACKEDPAGE.CPP
D:\SCADA_V5\SCADA\GENERATEDFILES\RELEASE\MOC_THERMOMETERCONFIG.CPP
D:\SCADA_V5\SCADA\GENERATEDFILES\RELEASE\MOC_THERMOMETER.CPP
D:\SCADA_V5\SCADA\GENERATEDFILES\RELEASE\MOC_QMETER.CPP
D:\SCADA_V5\SCADA\GENERATEDFILES\RELEASE\MOC_QBASEMETER.CPP
D:\SCADA_V5\SCADA\GENERATEDFILES\RELEASE\MOC_PAGECONFIG.CPP
D:\SCADA_V5\SCADA\GENERATEDFILES\RELEASE\MOC_ENGINEMETER.CPP
D:\SCADA_V5\SCADA\GENERATEDFILES\RELEASE\MOC_FUELMETER.CPP
D:\SCADA_V5\SCADA\GENERATEDFILES\RELEASE\MOC_INDICATORLAMP.CPP
D:\SCADA_V5\SCADA\GENERATEDFILES\RELEASE\MOC_PAGECONFIGDLG.CPP
D:\SCADA_V5\SCADA\GENERATEDFILES\RELEASE\MOC_CANOPENPROTOCOL.CPP
D:\SCADA_V5\SCADA\GENERATEDFILES\RELEASE\MOC_CANOPENTESTDLG.CPP
D:\SCADA_V5\SCADA\GENERATEDFILES\RELEASE\MOC_CONSOLE.CPP
D:\SCADA_V5\SCADA\GENERATEDFILES\RELEASE\MOC_DISTANCE.CPP
D:\SCADA_V5\SCADA\GENERATEDFILES\RELEASE\MOC_SERIALDIALOG.CPP
D:\SCADA_V5\SCADA\GENERATEDFILES\RELEASE\MOC_SETTINGSDIALOG.CPP
D:\SCADA_V5\SCADA\GENERATEDFILES\RELEASE\MOC_INDICATORCONFIGDLG.CPP
D:\SCADA_V5\SCADA\GENERATEDFILES\RELEASE\MOC_METERCONFIGDLG.CPP
D:\SCADA_V5\SCADA\GENERATEDFILES\RELEASE\MOC_BASEPAGE.CPP
D:\SCADA_V5\SCADA\GENERATEDFILES\RELEASE\MOC_CONFIGURE.CPP
D:\SCADA_V5\SCADA\GENERATEDFILES\RELEASE\MOC_DATAMANAGER.CPP
D:\SCADA_V5\SCADA\GENERATEDFILES\RELEASE\MOC_SYSCONFIG.CPP
D:\SCADA_V5\SCADA\GENERATEDFILES\QRC_SCADA.CPP
D:\SCADA_V5\SCADA\GENERATEDFILES\UI_SYSCONFIG.H
D:\SCADA_V5\SCADA\GENERATEDFILES\UI_PAGECONFIG.H
D:\SCADA_V5\SCADA\GENERATEDFILES\UI_THERMOMETERCONFIG.H
D:\SCADA_V5\SCADA\GENERATEDFILES\UI_INDICATORCONFIGDLG.H
D:\SCADA_V5\SCADA\GENERATEDFILES\UI_METERCONFIGDLG.H
D:\SCADA_V5\SCADA\GENERATEDFILES\UI_PAGECONFIGDLG.H
D:\SCADA_V5\SCADA\GENERATEDFILES\UI_CANOPENTESTDLG.H
D:\SCADA_V5\SCADA\GENERATEDFILES\UI_SERIALDIALOG.H
D:\SCADA_V5\SCADA\GENERATEDFILES\UI_SETTINGSDIALOG.H
D:\SCADA_V5\SCADA\GENERATEDFILES\RELEASE\MOC_QSCALESETTING.CPP
D:\SCADA_V5\SCADA\GENERATEDFILES\UI_QSCALESETTING.H
D:\SCADA_V5\SCADA\GENERATEDFILES\RELEASE\MOC_ADDSCALEDATA.CPP
D:\SCADA_V5\SCADA\GENERATEDFILES\UI_ADDSCALEDATA.H
D:\SCADA_V5\WIN32\RELEASE\SCADA.EXE
D:\Scada_v5\Scada\Release\addscaledata.obj
D:\Scada_v5\Scada\Release\basepage.obj
D:\Scada_v5\Scada\Release\CanNode.obj
D:\Scada_v5\Scada\Release\canopenprotocol.obj
D:\Scada_v5\Scada\Release\canopentestdlg.obj
D:\Scada_v5\Scada\Release\channel.obj
D:\Scada_v5\Scada\Release\configure.obj
D:\Scada_v5\Scada\Release\connectdb.obj
D:\Scada_v5\Scada\Release\console.obj
D:\Scada_v5\Scada\Release\datamanager.obj
D:\Scada_v5\Scada\Release\dataoperate.obj
D:\Scada_v5\Scada\Release\distance.obj
D:\Scada_v5\Scada\Release\enginemeter.obj
D:\Scada_v5\Scada\Release\fuelmeter.obj
D:\Scada_v5\Scada\Release\indicatorconfigdlg.obj
D:\Scada_v5\Scada\Release\indicatorlamp.obj
D:\Scada_v5\Scada\Release\InfoMsg.obj
D:\Scada_v5\Scada\Release\Leastsquare.obj
D:\Scada_v5\Scada\Release\main.obj
D:\Scada_v5\Scada\Release\meterconfigdlg.obj
D:\Scada_v5\Scada\Release\moc_addscaledata.obj
D:\Scada_v5\Scada\Release\moc_basepage.obj
D:\Scada_v5\Scada\Release\moc_canopenprotocol.obj
D:\Scada_v5\Scada\Release\moc_canopentestdlg.obj
D:\Scada_v5\Scada\Release\moc_configure.obj
D:\Scada_v5\Scada\Release\moc_console.obj
D:\Scada_v5\Scada\Release\moc_datamanager.obj
D:\Scada_v5\Scada\Release\moc_distance.obj
D:\Scada_v5\Scada\Release\moc_enginemeter.obj
D:\Scada_v5\Scada\Release\moc_fuelmeter.obj
D:\Scada_v5\Scada\Release\moc_indicatorconfigdlg.obj
D:\Scada_v5\Scada\Release\moc_indicatorlamp.obj
D:\Scada_v5\Scada\Release\moc_meterconfigdlg.obj
D:\Scada_v5\Scada\Release\moc_pageconfig.obj
D:\Scada_v5\Scada\Release\moc_pageconfigdlg.obj
D:\Scada_v5\Scada\Release\moc_qbasemeter.obj
D:\Scada_v5\Scada\Release\moc_qmeter.obj
D:\Scada_v5\Scada\Release\moc_qscalesetting.obj
D:\Scada_v5\Scada\Release\moc_scada.obj
D:\Scada_v5\Scada\Release\moc_serialdialog.obj
D:\Scada_v5\Scada\Release\moc_settingsdialog.obj
D:\Scada_v5\Scada\Release\moc_stackedpage.obj
D:\Scada_v5\Scada\Release\moc_sysconfig.obj
D:\Scada_v5\Scada\Release\moc_thermometer.obj
D:\Scada_v5\Scada\Release\moc_thermometerconfig.obj
D:\Scada_v5\Scada\Release\pageconfig.obj
D:\Scada_v5\Scada\Release\pageconfigdlg.obj
D:\Scada_v5\Scada\Release\qbasemeter.obj
D:\Scada_v5\Scada\Release\qmeter.obj
D:\Scada_v5\Scada\Release\qrc_scada.obj
D:\Scada_v5\Scada\Release\qscalesetting.obj
D:\Scada_v5\Scada\Release\scada.obj
D:\Scada_v5\Scada\Release\serialdialog.obj
D:\Scada_v5\Scada\Release\SettingFiles.obj
D:\Scada_v5\Scada\Release\settingsdialog.obj
D:\Scada_v5\Scada\Release\stackedpage.obj
D:\Scada_v5\Scada\Release\sysconfig.obj
D:\Scada_v5\Scada\Release\thermometer.obj
D:\Scada_v5\Scada\Release\thermometerconfig.obj
D:\Scada_v5\Scada\Release\cl.command.1.tlog
D:\Scada_v5\Scada\Release\CL.read.1.tlog
D:\Scada_v5\Scada\Release\CL.write.1.tlog
D:\Scada_v5\Scada\Release\custombuild.command.1.tlog
D:\Scada_v5\Scada\Release\custombuild.read.1.tlog
D:\Scada_v5\Scada\Release\custombuild.write.1.tlog
D:\Scada_v5\Scada\Release\link-cvtres.read.1.tlog
D:\Scada_v5\Scada\Release\link-cvtres.write.1.tlog
D:\Scada_v5\Scada\Release\link-rc.read.1.tlog
D:\Scada_v5\Scada\Release\link-rc.write.1.tlog
D:\Scada_v5\Scada\Release\link.command.1.tlog
D:\Scada_v5\Scada\Release\link.read.1.tlog
D:\Scada_v5\Scada\Release\link.write.1.tlog
D:\Scada_v5\Win32\Release\Scada.exe
